<?xml version="1.0" encoding="UTF-8"?>
<!-- Generated by org.testng.reporters.JUnitReportReporter -->
<testsuite hostname="KELLGGNLPTP0681" failures="0" tests="1" name="automation.ApplicationTest" time="12.245" errors="0" timestamp="2025-09-27T22:29:39 IST" skipped="0">
  <testcase classname="automation.ApplicationTest" name="mainTest" time="12.245"/>
</testsuite> <!-- automation.ApplicationTest -->
